<?xml version="1.0" encoding="UTF-8"?>
<testng-results skipped="5" failed="0" total="5" passed="0">
  <reporter-output>
  </reporter-output>
  <suite name="Default suite" duration-ms="307337" started-at="2019-06-15T06:18:56Z" finished-at="2019-06-15T06:24:03Z">
    <groups>
    </groups>
    <test name="Default test" duration-ms="307337" started-at="2019-06-15T06:18:56Z" finished-at="2019-06-15T06:24:03Z">
      <class name="FreeCRM_TestScenarios.FreeCRM_LoginTest">
        <test-method status="FAIL" signature="invokeBrowser()[pri:0, instance:FreeCRM_TestScenarios.FreeCRM_LoginTest@3ee37e5a]" name="invokeBrowser" is-config="true" duration-ms="0" started-at="2019-06-15T11:48:56Z" finished-at="2019-06-15T11:48:56Z">
          <exception class="org.openqa.selenium.TimeoutException">
            <message>
              <![CDATA[timeout
  (Session info: chrome=75.0.3770.80)
  (Driver info: chromedriver=2.40.565498 (ea082db3280dd6843ebfb08a625e3eb905c4f5ab),platform=Windows NT 10.0.15063 x86_64) (WARNING: The server did not provide any stacktrace information)
Command duration or timeout: 300.02 seconds
Build info: version: '3.4.0', revision: 'unknown', time: 'unknown'
System info: host: 'LIN60015134', ip: '192.168.43.91', os.name: 'Windows 10', os.arch: 'amd64', os.version: '10.0', java.version: '1.8.0_121'
Driver info: org.openqa.selenium.chrome.ChromeDriver
Capabilities [{applicationCacheEnabled=false, rotatable=false, mobileEmulationEnabled=false, networkConnectionEnabled=false, chrome={chromedriverVersion=2.40.565498 (ea082db3280dd6843ebfb08a625e3eb905c4f5ab), userDataDir=C:\Users\himansja\AppData\Local\Temp\scoped_dir24412_7370}, takesHeapSnapshot=true, pageLoadStrategy=normal, databaseEnabled=false, handlesAlerts=true, hasTouchScreen=false, version=75.0.3770.80, platform=XP, browserConnectionEnabled=false, nativeEvents=true, acceptSslCerts=false, acceptInsecureCerts=false, locationContextEnabled=true, webStorageEnabled=true, browserName=chrome, takesScreenshot=true, javascriptEnabled=true, cssSelectorsEnabled=true, setWindowRect=true, unexpectedAlertBehaviour=}]
Session ID: 7bbe56b4e8d623cfde31d232a9095ac7]]>
            </message>
            <full-stacktrace>
              <![CDATA[org.openqa.selenium.TimeoutException: timeout
  (Session info: chrome=75.0.3770.80)
  (Driver info: chromedriver=2.40.565498 (ea082db3280dd6843ebfb08a625e3eb905c4f5ab),platform=Windows NT 10.0.15063 x86_64) (WARNING: The server did not provide any stacktrace information)
Command duration or timeout: 300.02 seconds
Build info: version: '3.4.0', revision: 'unknown', time: 'unknown'
System info: host: 'LIN60015134', ip: '192.168.43.91', os.name: 'Windows 10', os.arch: 'amd64', os.version: '10.0', java.version: '1.8.0_121'
Driver info: org.openqa.selenium.chrome.ChromeDriver
Capabilities [{applicationCacheEnabled=false, rotatable=false, mobileEmulationEnabled=false, networkConnectionEnabled=false, chrome={chromedriverVersion=2.40.565498 (ea082db3280dd6843ebfb08a625e3eb905c4f5ab), userDataDir=C:\Users\himansja\AppData\Local\Temp\scoped_dir24412_7370}, takesHeapSnapshot=true, pageLoadStrategy=normal, databaseEnabled=false, handlesAlerts=true, hasTouchScreen=false, version=75.0.3770.80, platform=XP, browserConnectionEnabled=false, nativeEvents=true, acceptSslCerts=false, acceptInsecureCerts=false, locationContextEnabled=true, webStorageEnabled=true, browserName=chrome, takesScreenshot=true, javascriptEnabled=true, cssSelectorsEnabled=true, setWindowRect=true, unexpectedAlertBehaviour=}]
Session ID: 7bbe56b4e8d623cfde31d232a9095ac7
	at sun.reflect.NativeConstructorAccessorImpl.newInstance0(Native Method)
	at sun.reflect.NativeConstructorAccessorImpl.newInstance(NativeConstructorAccessorImpl.java:62)
	at sun.reflect.DelegatingConstructorAccessorImpl.newInstance(DelegatingConstructorAccessorImpl.java:45)
	at java.lang.reflect.Constructor.newInstance(Constructor.java:423)
	at org.openqa.selenium.remote.ErrorHandler.createThrowable(ErrorHandler.java:215)
	at org.openqa.selenium.remote.ErrorHandler.throwIfResponseFailed(ErrorHandler.java:167)
	at org.openqa.selenium.remote.RemoteWebDriver.execute(RemoteWebDriver.java:671)
	at org.openqa.selenium.remote.RemoteWebDriver.get(RemoteWebDriver.java:364)
	at FreeCRM_Base.baseTest.invokeBrowser(baseTest.java:69)
	at sun.reflect.NativeMethodAccessorImpl.invoke0(Native Method)
	at sun.reflect.NativeMethodAccessorImpl.invoke(NativeMethodAccessorImpl.java:62)
	at sun.reflect.DelegatingMethodAccessorImpl.invoke(DelegatingMethodAccessorImpl.java:43)
	at java.lang.reflect.Method.invoke(Method.java:498)
	at org.testng.internal.MethodInvocationHelper.invokeMethod(MethodInvocationHelper.java:84)
	at org.testng.internal.Invoker.invokeConfigurationMethod(Invoker.java:564)
	at org.testng.internal.Invoker.invokeConfigurations(Invoker.java:213)
	at org.testng.internal.Invoker.invokeMethod(Invoker.java:653)
	at org.testng.internal.Invoker.invokeTestMethod(Invoker.java:901)
	at org.testng.internal.Invoker.invokeTestMethods(Invoker.java:1231)
	at org.testng.internal.TestMethodWorker.invokeTestMethods(TestMethodWorker.java:127)
	at org.testng.internal.TestMethodWorker.run(TestMethodWorker.java:111)
	at org.testng.TestRunner.privateRun(TestRunner.java:767)
	at org.testng.TestRunner.run(TestRunner.java:617)
	at org.testng.SuiteRunner.runTest(SuiteRunner.java:348)
	at org.testng.SuiteRunner.runSequentially(SuiteRunner.java:343)
	at org.testng.SuiteRunner.privateRun(SuiteRunner.java:305)
	at org.testng.SuiteRunner.run(SuiteRunner.java:254)
	at org.testng.SuiteRunnerWorker.runSuite(SuiteRunnerWorker.java:52)
	at org.testng.SuiteRunnerWorker.run(SuiteRunnerWorker.java:86)
	at org.testng.TestNG.runSuitesSequentially(TestNG.java:1224)
	at org.testng.TestNG.runSuitesLocally(TestNG.java:1149)
	at org.testng.TestNG.run(TestNG.java:1057)
	at org.testng.remote.AbstractRemoteTestNG.run(AbstractRemoteTestNG.java:114)
	at org.testng.remote.RemoteTestNG.initAndRun(RemoteTestNG.java:251)
	at org.testng.remote.RemoteTestNG.main(RemoteTestNG.java:77)
]]>
            </full-stacktrace>
          </exception> <!-- org.openqa.selenium.TimeoutException -->
          <reporter-output>
          </reporter-output>
        </test-method> <!-- invokeBrowser -->
        <test-method status="SKIP" signature="setup()[pri:0, instance:FreeCRM_TestScenarios.FreeCRM_LoginTest@3ee37e5a]" name="setup" is-config="true" duration-ms="0" started-at="2019-06-15T11:54:03Z" finished-at="2019-06-15T11:54:03Z">
          <reporter-output>
          </reporter-output>
        </test-method> <!-- setup -->
        <test-method status="SKIP" signature="loginToFreeCRM(java.lang.String, java.util.LinkedHashMap)[pri:0, instance:FreeCRM_TestScenarios.FreeCRM_LoginTest@3ee37e5a]" name="loginToFreeCRM" duration-ms="2" started-at="2019-06-15T11:54:03Z" description="Sheet2" data-provider="inputdata" finished-at="2019-06-15T11:54:03Z">
          <params>
            <param index="0">
              <value>
                <![CDATA[TC_010]]>
              </value>
            </param>
            <param index="1">
              <value>
                <![CDATA[{TCID=TC_010, TestDescription=Testlogin10, ExecutionFlag=Y, UserName=himansja, Password=Ispl123#}]]>
              </value>
            </param>
          </params>
          <reporter-output>
          </reporter-output>
        </test-method> <!-- loginToFreeCRM -->
        <test-method status="SKIP" signature="quitBrowser()[pri:0, instance:FreeCRM_TestScenarios.FreeCRM_LoginTest@3ee37e5a]" name="quitBrowser" is-config="true" duration-ms="0" started-at="2019-06-15T11:54:03Z" finished-at="2019-06-15T11:54:03Z">
          <reporter-output>
          </reporter-output>
        </test-method> <!-- quitBrowser -->
        <test-method status="SKIP" signature="invokeBrowser()[pri:0, instance:FreeCRM_TestScenarios.FreeCRM_LoginTest@3ee37e5a]" name="invokeBrowser" is-config="true" duration-ms="0" started-at="2019-06-15T11:54:03Z" finished-at="2019-06-15T11:54:03Z">
          <reporter-output>
          </reporter-output>
        </test-method> <!-- invokeBrowser -->
        <test-method status="SKIP" signature="setup()[pri:0, instance:FreeCRM_TestScenarios.FreeCRM_LoginTest@3ee37e5a]" name="setup" is-config="true" duration-ms="0" started-at="2019-06-15T11:54:03Z" finished-at="2019-06-15T11:54:03Z">
          <reporter-output>
          </reporter-output>
        </test-method> <!-- setup -->
        <test-method status="SKIP" signature="loginToFreeCRM(java.lang.String, java.util.LinkedHashMap)[pri:0, instance:FreeCRM_TestScenarios.FreeCRM_LoginTest@3ee37e5a]" name="loginToFreeCRM" duration-ms="3" started-at="2019-06-15T11:54:03Z" description="Sheet2" data-provider="inputdata" finished-at="2019-06-15T11:54:03Z">
          <params>
            <param index="0">
              <value>
                <![CDATA[TC_011]]>
              </value>
            </param>
            <param index="1">
              <value>
                <![CDATA[{TCID=TC_011, TestDescription=Testlogin11, ExecutionFlag=Y, UserName=himanshujain1, Password=inception}]]>
              </value>
            </param>
          </params>
          <reporter-output>
          </reporter-output>
        </test-method> <!-- loginToFreeCRM -->
        <test-method status="SKIP" signature="quitBrowser()[pri:0, instance:FreeCRM_TestScenarios.FreeCRM_LoginTest@3ee37e5a]" name="quitBrowser" is-config="true" duration-ms="0" started-at="2019-06-15T11:54:03Z" finished-at="2019-06-15T11:54:03Z">
          <reporter-output>
          </reporter-output>
        </test-method> <!-- quitBrowser -->
        <test-method status="SKIP" signature="invokeBrowser()[pri:0, instance:FreeCRM_TestScenarios.FreeCRM_LoginTest@3ee37e5a]" name="invokeBrowser" is-config="true" duration-ms="0" started-at="2019-06-15T11:54:03Z" finished-at="2019-06-15T11:54:03Z">
          <reporter-output>
          </reporter-output>
        </test-method> <!-- invokeBrowser -->
        <test-method status="SKIP" signature="setup()[pri:0, instance:FreeCRM_TestScenarios.FreeCRM_LoginTest@3ee37e5a]" name="setup" is-config="true" duration-ms="0" started-at="2019-06-15T11:54:03Z" finished-at="2019-06-15T11:54:03Z">
          <reporter-output>
          </reporter-output>
        </test-method> <!-- setup -->
        <test-method status="SKIP" signature="loginToFreeCRM(java.lang.String, java.util.LinkedHashMap)[pri:0, instance:FreeCRM_TestScenarios.FreeCRM_LoginTest@3ee37e5a]" name="loginToFreeCRM" duration-ms="2" started-at="2019-06-15T11:54:03Z" description="Sheet2" data-provider="inputdata" finished-at="2019-06-15T11:54:03Z">
          <params>
            <param index="0">
              <value>
                <![CDATA[TC_012]]>
              </value>
            </param>
            <param index="1">
              <value>
                <![CDATA[{TCID=TC_012, TestDescription=Testlogin12, ExecutionFlag=Y, UserName=himanshu12, Password=Jain12}]]>
              </value>
            </param>
          </params>
          <reporter-output>
          </reporter-output>
        </test-method> <!-- loginToFreeCRM -->
        <test-method status="SKIP" signature="quitBrowser()[pri:0, instance:FreeCRM_TestScenarios.FreeCRM_LoginTest@3ee37e5a]" name="quitBrowser" is-config="true" duration-ms="0" started-at="2019-06-15T11:54:03Z" finished-at="2019-06-15T11:54:03Z">
          <reporter-output>
          </reporter-output>
        </test-method> <!-- quitBrowser -->
        <test-method status="SKIP" signature="invokeBrowser()[pri:0, instance:FreeCRM_TestScenarios.FreeCRM_LoginTest@3ee37e5a]" name="invokeBrowser" is-config="true" duration-ms="0" started-at="2019-06-15T11:54:03Z" finished-at="2019-06-15T11:54:03Z">
          <reporter-output>
          </reporter-output>
        </test-method> <!-- invokeBrowser -->
        <test-method status="SKIP" signature="setup()[pri:0, instance:FreeCRM_TestScenarios.FreeCRM_LoginTest@3ee37e5a]" name="setup" is-config="true" duration-ms="0" started-at="2019-06-15T11:54:03Z" finished-at="2019-06-15T11:54:03Z">
          <reporter-output>
          </reporter-output>
        </test-method> <!-- setup -->
        <test-method status="SKIP" signature="loginToFreeCRM(java.lang.String, java.util.LinkedHashMap)[pri:0, instance:FreeCRM_TestScenarios.FreeCRM_LoginTest@3ee37e5a]" name="loginToFreeCRM" duration-ms="1" started-at="2019-06-15T11:54:03Z" description="Sheet2" data-provider="inputdata" finished-at="2019-06-15T11:54:03Z">
          <params>
            <param index="0">
              <value>
                <![CDATA[TC_013]]>
              </value>
            </param>
            <param index="1">
              <value>
                <![CDATA[{TCID=TC_013, TestDescription=Testlogin13, ExecutionFlag=Y, UserName=himanshu13, Password=Jain13}]]>
              </value>
            </param>
          </params>
          <reporter-output>
          </reporter-output>
        </test-method> <!-- loginToFreeCRM -->
        <test-method status="SKIP" signature="quitBrowser()[pri:0, instance:FreeCRM_TestScenarios.FreeCRM_LoginTest@3ee37e5a]" name="quitBrowser" is-config="true" duration-ms="0" started-at="2019-06-15T11:54:03Z" finished-at="2019-06-15T11:54:03Z">
          <reporter-output>
          </reporter-output>
        </test-method> <!-- quitBrowser -->
        <test-method status="SKIP" signature="invokeBrowser()[pri:0, instance:FreeCRM_TestScenarios.FreeCRM_LoginTest@3ee37e5a]" name="invokeBrowser" is-config="true" duration-ms="0" started-at="2019-06-15T11:54:03Z" finished-at="2019-06-15T11:54:03Z">
          <reporter-output>
          </reporter-output>
        </test-method> <!-- invokeBrowser -->
        <test-method status="SKIP" signature="setup()[pri:0, instance:FreeCRM_TestScenarios.FreeCRM_LoginTest@3ee37e5a]" name="setup" is-config="true" duration-ms="0" started-at="2019-06-15T11:54:03Z" finished-at="2019-06-15T11:54:03Z">
          <reporter-output>
          </reporter-output>
        </test-method> <!-- setup -->
        <test-method status="SKIP" signature="loginToFreeCRM(java.lang.String, java.util.LinkedHashMap)[pri:0, instance:FreeCRM_TestScenarios.FreeCRM_LoginTest@3ee37e5a]" name="loginToFreeCRM" duration-ms="1" started-at="2019-06-15T11:54:03Z" description="Sheet2" data-provider="inputdata" finished-at="2019-06-15T11:54:03Z">
          <params>
            <param index="0">
              <value>
                <![CDATA[TC_014]]>
              </value>
            </param>
            <param index="1">
              <value>
                <![CDATA[{TCID=TC_014, TestDescription=Testlogin14, ExecutionFlag=Y, UserName=himanshu14, Password=Jain14}]]>
              </value>
            </param>
          </params>
          <reporter-output>
          </reporter-output>
        </test-method> <!-- loginToFreeCRM -->
        <test-method status="SKIP" signature="quitBrowser()[pri:0, instance:FreeCRM_TestScenarios.FreeCRM_LoginTest@3ee37e5a]" name="quitBrowser" is-config="true" duration-ms="0" started-at="2019-06-15T11:54:03Z" finished-at="2019-06-15T11:54:03Z">
          <reporter-output>
          </reporter-output>
        </test-method> <!-- quitBrowser -->
      </class> <!-- FreeCRM_TestScenarios.FreeCRM_LoginTest -->
    </test> <!-- Default test -->
  </suite> <!-- Default suite -->
</testng-results>
